actionid: tox
msg: packaging
cmdargs: ['//anaconda/bin/python', local('/Users/philnova/CRISPR/setup.py'), 'sdist', '--formats=zip', '--dist-dir', local('/Users/philnova/CRISPR/.tox/dist')]
env: None

running sdist
running egg_info
creating CRISpy.egg-info
writing CRISpy.egg-info/PKG-INFO
writing top-level names to CRISpy.egg-info/top_level.txt
writing dependency_links to CRISpy.egg-info/dependency_links.txt
writing manifest file 'CRISpy.egg-info/SOURCES.txt'
reading manifest file 'CRISpy.egg-info/SOURCES.txt'
writing manifest file 'CRISpy.egg-info/SOURCES.txt'
warning: sdist: standard file not found: should have one of README, README.rst, README.txt

running check
creating CRISpy-0.0.1
creating CRISpy-0.0.1/CRISpy
creating CRISpy-0.0.1/CRISpy.egg-info
creating CRISpy-0.0.1/Tests
making hard links in CRISpy-0.0.1...
hard linking setup.py -> CRISpy-0.0.1
hard linking CRISpy/__init__.py -> CRISpy-0.0.1/CRISpy
hard linking CRISpy/find_guideRNA.py -> CRISpy-0.0.1/CRISpy
hard linking CRISpy/gen_guideRNA.py -> CRISpy-0.0.1/CRISpy
hard linking CRISpy/merge_files.py -> CRISpy-0.0.1/CRISpy
hard linking CRISpy/multiprocess_multiprocessor.py -> CRISpy-0.0.1/CRISpy
hard linking CRISpy/multiprocessor.py -> CRISpy-0.0.1/CRISpy
hard linking CRISpy/strip_file.py -> CRISpy-0.0.1/CRISpy
hard linking CRISpy.egg-info/PKG-INFO -> CRISpy-0.0.1/CRISpy.egg-info
hard linking CRISpy.egg-info/SOURCES.txt -> CRISpy-0.0.1/CRISpy.egg-info
hard linking CRISpy.egg-info/dependency_links.txt -> CRISpy-0.0.1/CRISpy.egg-info
hard linking CRISpy.egg-info/top_level.txt -> CRISpy-0.0.1/CRISpy.egg-info
hard linking Tests/__init__.py -> CRISpy-0.0.1/Tests
hard linking Tests/test_crispy.py -> CRISpy-0.0.1/Tests
Writing CRISpy-0.0.1/setup.cfg
creating .tox/dist
creating '.tox/dist/CRISpy-0.0.1.zip' and adding 'CRISpy-0.0.1' to it
adding 'CRISpy-0.0.1/PKG-INFO'
adding 'CRISpy-0.0.1/setup.cfg'
adding 'CRISpy-0.0.1/setup.py'
adding 'CRISpy-0.0.1/CRISpy/__init__.py'
adding 'CRISpy-0.0.1/CRISpy/find_guideRNA.py'
adding 'CRISpy-0.0.1/CRISpy/gen_guideRNA.py'
adding 'CRISpy-0.0.1/CRISpy/merge_files.py'
adding 'CRISpy-0.0.1/CRISpy/multiprocess_multiprocessor.py'
adding 'CRISpy-0.0.1/CRISpy/multiprocessor.py'
adding 'CRISpy-0.0.1/CRISpy/strip_file.py'
adding 'CRISpy-0.0.1/CRISpy.egg-info/dependency_links.txt'
adding 'CRISpy-0.0.1/CRISpy.egg-info/PKG-INFO'
adding 'CRISpy-0.0.1/CRISpy.egg-info/SOURCES.txt'
adding 'CRISpy-0.0.1/CRISpy.egg-info/top_level.txt'
adding 'CRISpy-0.0.1/Tests/__init__.py'
adding 'CRISpy-0.0.1/Tests/test_crispy.py'
removing 'CRISpy-0.0.1' (and everything under it)
